<?xml version="1.0" encoding="UTF-8"?>
<testsuite xmlns:xsi="http://www.w3.org/2001/XMLSchema-instance" xsi:noNamespaceSchemaLocation="https://maven.apache.org/surefire/maven-surefire-plugin/xsd/surefire-test-report-3.0.xsd" version="3.0" name="com.hpw.HopewayApplicationTests" time="3.757" tests="1" errors="0" skipped="0" failures="0">
  <properties>
[...]
</properties>
  <testcase name="contextLoads" classname="com.hpw.HopewayApplicationTests" time="0.38">
    <system-out><![CDATA[13:37:03.829 [main] INFO org.springframework.test.context.support.AnnotationConfigContextLoaderUtils -- Could not detect default configuration classes for test class [com.hpw.HopewayApplicationTests]: HopewayApplicationTests does not declare any static, non-private, non-final, nested classes annotated with @Configuration.
13:37:03.892 [main] INFO org.springframework.boot.test.context.SpringBootTestContextBootstrapper -- Found @SpringBootConfiguration com.hpw.HopewayApplication for test class com.hpw.HopewayApplicationTests

  .   ____          _            __ _ _
 /\\ / ___'_ __ _ _(_)_ __  __ _ \ \ \ \
( ( )\___ | '_ | '_| | '_ \/ _` | \ \ \ \
 \\/  ___)| |_)| | | | | || (_| |  ) ) ) )
  '  |____| .__|_| |_|_| |_\__, | / / / /
 =========|_|==============|___/=/_/_/_/
 :: Spring Boot ::                (v3.1.3)

2023-09-21T13:37:04.153+02:00  INFO 65853 --- [           main] com.hpw.HopewayApplicationTests          : Starting HopewayApplicationTests using Java 17.0.8.1 with PID 65853 (started by kubranursen in /Users/kubranursen/IdeaProjects/hopeway)
2023-09-21T13:37:04.154+02:00  INFO 65853 --- [           main] com.hpw.HopewayApplicationTests          : No active profile set, falling back to 1 default profile: "default"
2023-09-21T13:37:04.954+02:00  INFO 65853 --- [           main] .s.d.r.c.RepositoryConfigurationDelegate : Bootstrapping Spring Data JPA repositories in DEFAULT mode.
2023-09-21T13:37:04.985+02:00  INFO 65853 --- [           main] .s.d.r.c.RepositoryConfigurationDelegate : Finished Spring Data repository scanning in 26 ms. Found 1 JPA repository interfaces.
2023-09-21T13:37:05.267+02:00  INFO 65853 --- [           main] o.hibernate.jpa.internal.util.LogHelper  : HHH000204: Processing PersistenceUnitInfo [name: default]
2023-09-21T13:37:05.318+02:00  INFO 65853 --- [           main] org.hibernate.Version                    : HHH000412: Hibernate ORM core version 6.2.7.Final
2023-09-21T13:37:05.319+02:00  INFO 65853 --- [           main] org.hibernate.cfg.Environment            : HHH000406: Using bytecode reflection optimizer
2023-09-21T13:37:05.409+02:00  INFO 65853 --- [           main] o.h.b.i.BytecodeProviderInitiator        : HHH000021: Bytecode provider name : bytebuddy
2023-09-21T13:37:05.492+02:00  INFO 65853 --- [           main] o.s.o.j.p.SpringPersistenceUnitInfo      : No LoadTimeWeaver setup: ignoring JPA class transformer
2023-09-21T13:37:05.503+02:00  INFO 65853 --- [           main] com.zaxxer.hikari.HikariDataSource       : HikariPool-1 - Starting...
2023-09-21T13:37:05.691+02:00  INFO 65853 --- [           main] com.zaxxer.hikari.pool.HikariPool        : HikariPool-1 - Added connection org.postgresql.jdbc.PgConnection@2de3b052
2023-09-21T13:37:05.693+02:00  INFO 65853 --- [           main] com.zaxxer.hikari.HikariDataSource       : HikariPool-1 - Start completed.
2023-09-21T13:37:05.847+02:00  INFO 65853 --- [           main] o.h.b.i.BytecodeProviderInitiator        : HHH000021: Bytecode provider name : bytebuddy
2023-09-21T13:37:06.302+02:00  INFO 65853 --- [           main] o.h.e.t.j.p.i.JtaPlatformInitiator       : HHH000490: Using JtaPlatform implementation: [org.hibernate.engine.transaction.jta.platform.internal.NoJtaPlatform]
Hibernate: 
    drop table if exists contact_message cascade
Hibernate: 
    create table contact_message (
        date date,
        id bigserial not null,
        email varchar(255) not null,
        message varchar(255) not null,
        name varchar(255) not null,
        subject varchar(255) not null,
        primary key (id)
    )
2023-09-21T13:37:06.350+02:00  INFO 65853 --- [           main] j.LocalContainerEntityManagerFactoryBean : Initialized JPA EntityManagerFactory for persistence unit 'default'
2023-09-21T13:37:06.993+02:00  INFO 65853 --- [           main] o.s.b.a.e.web.EndpointLinksResolver      : Exposing 1 endpoint(s) beneath base path '/actuator'
2023-09-21T13:37:07.048+02:00  INFO 65853 --- [           main] com.hpw.HopewayApplicationTests          : Started HopewayApplicationTests in 3.066 seconds (process running for 3.797)
]]></system-out>
  </testcase>
</testsuite>